::1 - - [16/Sep/2021:00:31:03 -0300] "GET /wp-includes/js/thickbox/thickbox.css?ver=5.8.1 HTTP/1.1" 200 2659
::1 - - [16/Sep/2021:00:31:04 -0300] "GET /wp-includes/css/editor.min.css?ver=5.8.1 HTTP/1.1" 200 27188
::1 - - [16/Sep/2021:00:31:03 -0300] "GET /wp-admin/ HTTP/1.1" 200 68483
::1 - - [16/Sep/2021:00:31:04 -0300] "GET /wp-includes/js/wp-emoji-release.min.js?ver=5.8.1 HTTP/1.1" 200 18181
::1 - - [16/Sep/2021:00:31:04 -0300] "GET /wp-includes/js/dist/i18n.min.js?ver=5f1269854226b4dd90450db411a12b79 HTTP/1.1" 200 9866
::1 - - [16/Sep/2021:00:31:04 -0300] "GET /wp-admin/js/common.min.js?ver=5.8.1 HTTP/1.1" 200 20037
::1 - - [16/Sep/2021:00:31:04 -0300] "GET /wp-includes/js/hoverintent-js.min.js?ver=2.2.1 HTTP/1.1" 200 1718
::1 - - [16/Sep/2021:00:31:04 -0300] "GET /wp-includes/js/admin-bar.min.js?ver=5.8.1 HTTP/1.1" 200 3556
::1 - - [16/Sep/2021:00:31:04 -0300] "GET /wp-includes/js/clipboard.min.js?ver=5.8.1 HTTP/1.1" 200 10607
::1 - - [16/Sep/2021:00:31:04 -0300] "GET /wp-includes/js/underscore.min.js?ver=1.13.1 HTTP/1.1" 200 19076
::1 - - [16/Sep/2021:00:31:04 -0300] "GET /wp-includes/js/wp-util.min.js?ver=5.8.1 HTTP/1.1" 200 1340
::1 - - [16/Sep/2021:00:31:04 -0300] "GET /wp-includes/js/dist/dom-ready.min.js?ver=71883072590656bf22c74c7b887df3dd HTTP/1.1" 200 1257
::1 - - [16/Sep/2021:00:31:04 -0300] "GET /wp-includes/js/dist/a11y.min.js?ver=0ac8327cc1c40dcfdf29716affd7ac63 HTTP/1.1" 200 3009
::1 - - [16/Sep/2021:00:31:04 -0300] "GET /wp-includes/js/api-request.min.js?ver=5.8.1 HTTP/1.1" 200 1025
::1 - - [16/Sep/2021:00:31:04 -0300] "GET /wp-includes/js/dist/vendor/lodash.min.js?ver=4.17.19 HTTP/1.1" 200 73015
::1 - - [16/Sep/2021:00:31:04 -0300] "GET /wp-includes/js/dist/url.min.js?ver=d4bdf85a96aa587b52f4b8d58b4457c1 HTTP/1.1" 200 5002
::1 - - [16/Sep/2021:00:31:04 -0300] "GET /wp-admin/js/site-health.min.js?ver=5.8.1 HTTP/1.1" 200 6142
::1 - - [16/Sep/2021:00:31:04 -0300] "GET /wp-includes/js/wp-ajax-response.min.js?ver=5.8.1 HTTP/1.1" 200 2082
::1 - - [16/Sep/2021:00:31:04 -0300] "GET /wp-includes/js/jquery/jquery.color.min.js?ver=2.1.2 HTTP/1.1" 200 9315
::1 - - [16/Sep/2021:00:31:04 -0300] "GET /wp-includes/js/wp-lists.min.js?ver=5.8.1 HTTP/1.1" 200 7442
::1 - - [16/Sep/2021:00:31:04 -0300] "GET /wp-includes/js/jquery/jquery.query.js?ver=2.1.7 HTTP/1.1" 200 3785
::1 - - [16/Sep/2021:00:31:04 -0300] "GET /wp-includes/js/quicktags.min.js?ver=5.8.1 HTTP/1.1" 200 11133
::1 - - [16/Sep/2021:00:31:04 -0300] "GET /wp-admin/js/edit-comments.min.js?ver=5.8.1 HTTP/1.1" 200 15268
::1 - - [16/Sep/2021:00:31:04 -0300] "GET /wp-includes/js/jquery/ui/core.min.js?ver=1.12.1 HTTP/1.1" 200 20787
::1 - - [16/Sep/2021:00:31:04 -0300] "GET /wp-includes/js/jquery/ui/mouse.min.js?ver=1.12.1 HTTP/1.1" 200 3380
::1 - - [16/Sep/2021:00:31:04 -0300] "GET /wp-includes/js/jquery/ui/sortable.min.js?ver=1.12.1 HTTP/1.1" 200 24782
::1 - - [16/Sep/2021:00:31:04 -0300] "GET /wp-admin/js/postbox.min.js?ver=5.8.1 HTTP/1.1" 200 6713
::1 - - [16/Sep/2021:00:31:04 -0300] "GET /wp-includes/js/dist/vendor/moment.min.js?ver=2.29.1 HTTP/1.1" 200 58325
::1 - - [16/Sep/2021:00:31:04 -0300] "GET /wp-includes/js/dist/date.min.js?ver=061439ac4325ef057b8f9c142c82a823 HTTP/1.1" 200 203411
::1 - - [16/Sep/2021:00:31:04 -0300] "GET /wp-admin/js/dashboard.min.js?ver=5.8.1 HTTP/1.1" 200 8797
::1 - - [16/Sep/2021:00:31:04 -0300] "GET /wp-includes/js/thickbox/thickbox.js?ver=3.1-20121105 HTTP/1.1" 200 13194
::1 - - [16/Sep/2021:00:31:04 -0300] "GET /wp-admin/js/plugin-install.min.js?ver=5.8.1 HTTP/1.1" 200 2403
::1 - - [16/Sep/2021:00:31:04 -0300] "GET /wp-includes/js/wp-sanitize.min.js?ver=5.8.1 HTTP/1.1" 200 458
::1 - - [16/Sep/2021:00:31:04 -0300] "GET /wp-admin/js/updates.min.js?ver=5.8.1 HTTP/1.1" 200 41065
::1 - - [16/Sep/2021:00:31:04 -0300] "GET /wp-includes/js/shortcode.min.js?ver=5.8.1 HTTP/1.1" 200 2650
::1 - - [16/Sep/2021:00:31:04 -0300] "GET /wp-admin/js/media-upload.min.js?ver=5.8.1 HTTP/1.1" 200 1152
::1 - - [16/Sep/2021:00:31:04 -0300] "GET /wp-admin/js/svg-painter.js?ver=5.8.1 HTTP/1.1" 200 5522
::1 - - [16/Sep/2021:00:31:04 -0300] "GET /wp-includes/js/heartbeat.min.js?ver=5.8.1 HTTP/1.1" 200 5877
::1 - - [16/Sep/2021:00:31:04 -0300] "GET /wp-includes/js/wp-auth-check.min.js?ver=5.8.1 HTTP/1.1" 200 1658
::1 - - [16/Sep/2021:00:31:04 -0300] "GET /wp-includes/js/wplink.min.js?ver=5.8.1 HTTP/1.1" 200 11270
::1 - - [16/Sep/2021:00:31:04 -0300] "GET /wp-includes/js/jquery/ui/menu.min.js?ver=1.12.1 HTTP/1.1" 200 9531
::1 - - [16/Sep/2021:00:31:04 -0300] "GET /wp-includes/js/jquery/ui/autocomplete.min.js?ver=1.12.1 HTTP/1.1" 200 8539
::1 - - [16/Sep/2021:00:31:20 -0300] "GET /wp-admin/options-general.php HTTP/1.1" 200 64663
::1 - - [16/Sep/2021:00:31:20 -0300] "GET /wp-admin/images/spinner.gif HTTP/1.1" 200 3656
127.0.0.1 - - [16/Sep/2021:00:31:56 -0300] "POST /wp-cron.php?doing_wp_cron=1631763116.7666509151458740234375 HTTP/1.1" 200 -
::1 - - [16/Sep/2021:00:31:56 -0300] "POST /wp-admin/options.php HTTP/1.1" 302 -
::1 - - [16/Sep/2021:00:31:58 -0300] "GET /wp-admin/options-general.php?settings-updated=true HTTP/1.1" 200 67228
::1 - - [16/Sep/2021:00:32:19 -0300] "POST /wp-admin/options.php HTTP/1.1" 302 -
::1 - - [16/Sep/2021:00:32:19 -0300] "GET /wp-admin/options-general.php?settings-updated=true HTTP/1.1" 200 67232
::1 - - [16/Sep/2021:00:32:23 -0300] "GET /wp-admin/options-writing.php HTTP/1.1" 200 29410
::1 - - [16/Sep/2021:00:32:28 -0300] "GET /wp-admin/options-reading.php HTTP/1.1" 200 29813
::1 - - [16/Sep/2021:00:32:36 -0300] "GET /wp-admin/options-discussion.php HTTP/1.1" 200 37022
::1 - - [16/Sep/2021:00:32:38 -0300] "GET /wp-admin/options-media.php HTTP/1.1" 200 27508
::1 - - [16/Sep/2021:00:32:39 -0300] "GET /wp-admin/options-permalink.php HTTP/1.1" 200 34075
::1 - - [16/Sep/2021:00:32:40 -0300] "GET /wp-admin/plugins.php HTTP/1.1" 200 43236
::1 - - [16/Sep/2021:00:32:41 -0300] "GET /wp-admin/themes.php HTTP/1.1" 200 58442
::1 - - [16/Sep/2021:00:32:42 -0300] "GET /wp-content/themes/twentynineteen/screenshot.png HTTP/1.1" 200 175535
::1 - - [16/Sep/2021:00:32:42 -0300] "GET /wp-content/themes/twentytwentyone/screenshot.png HTTP/1.1" 200 282897
::1 - - [16/Sep/2021:00:32:42 -0300] "GET /wp-includes/js/backbone.min.js?ver=1.4.0 HTTP/1.1" 200 23818
::1 - - [16/Sep/2021:00:32:42 -0300] "GET /wp-includes/js/wp-backbone.min.js?ver=5.8.1 HTTP/1.1" 200 3037
::1 - - [16/Sep/2021:00:32:42 -0300] "GET /wp-admin/js/theme.min.js?ver=5.8.1 HTTP/1.1" 200 26960
::1 - - [16/Sep/2021:00:32:42 -0300] "GET /wp-content/themes/twentytwenty/screenshot.png HTTP/1.1" 200 53066
::1 - - [16/Sep/2021:00:32:42 -0300] "GET /wp-includes/js/customize-base.min.js?ver=5.8.1 HTTP/1.1" 200 7856
::1 - - [16/Sep/2021:00:32:47 -0300] "GET /wp-includes/css/dashicons.min.css?ver=5.8.1 HTTP/1.1" 200 59016
::1 - - [16/Sep/2021:00:32:47 -0300] "GET /wp-includes/css/admin-bar.min.css?ver=5.8.1 HTTP/1.1" 200 19750
::1 - - [16/Sep/2021:00:32:47 -0300] "GET /wp-includes/css/dist/block-library/style.min.css?ver=5.8.1 HTTP/1.1" 200 80574
::1 - - [16/Sep/2021:00:32:47 -0300] "GET / HTTP/1.1" 200 17953
::1 - - [16/Sep/2021:00:32:47 -0300] "GET /wp-content/themes/twentytwentyone/style.css?ver=1.4 HTTP/1.1" 200 156153
::1 - - [16/Sep/2021:00:32:47 -0300] "GET /wp-includes/js/wp-embed.min.js?ver=5.8.1 HTTP/1.1" 200 1426
::1 - - [16/Sep/2021:00:32:47 -0300] "GET /wp-content/themes/twentytwentyone/assets/js/responsive-embeds.js?ver=1.4 HTTP/1.1" 200 1127
::1 - - [16/Sep/2021:00:32:47 -0300] "GET /wp-content/themes/twentytwentyone/assets/css/print.css?ver=1.4 HTTP/1.1" 200 2897
::1 - - [16/Sep/2021:00:32:52 -0300] "GET /wp-includes/js/imgareaselect/imgareaselect.css?ver=0.9.8 HTTP/1.1" 200 790
::1 - - [16/Sep/2021:00:32:52 -0300] "GET /wp-content/themes/twentynineteen/style-editor-customizer.css?ver=1.1 HTTP/1.1" 200 159
::1 - - [16/Sep/2021:00:32:52 -0300] "GET /wp-includes/js/mediaelement/mediaelementplayer-legacy.min.css?ver=4.2.16 HTTP/1.1" 200 11256
::1 - - [16/Sep/2021:00:32:52 -0300] "GET /wp-admin/customize.php?theme=twentynineteen&return=http%3A%2F%2Flocalhost%3A10003%2Fwp-admin%2Fthemes.php HTTP/1.1" 200 514947
::1 - - [16/Sep/2021:00:32:52 -0300] "GET /wp-includes/js/codemirror/codemirror.min.css?ver=5.29.1-alpha-ee20357 HTTP/1.1" 200 15899
::1 - - [16/Sep/2021:00:32:52 -0300] "GET /wp-includes/js/mediaelement/wp-mediaelement.min.css?ver=5.8.1 HTTP/1.1" 200 4186
::1 - - [16/Sep/2021:00:32:52 -0300] "GET /wp-includes/js/jquery/ui/draggable.min.js?ver=1.12.1 HTTP/1.1" 200 18291
::1 - - [16/Sep/2021:00:32:52 -0300] "GET /wp-includes/js/jquery/ui/droppable.min.js?ver=1.12.1 HTTP/1.1" 200 6581
::1 - - [16/Sep/2021:00:32:52 -0300] "GET /wp-includes/js/utils.min.js?ver=5.8.1 HTTP/1.1" 200 1864
::1 - - [16/Sep/2021:00:32:52 -0300] "GET /wp-admin/js/editor.min.js?ver=5.8.1 HTTP/1.1" 200 13211
::1 - - [16/Sep/2021:00:32:52 -0300] "GET /wp-includes/js/media-models.min.js?ver=5.8.1 HTTP/1.1" 200 14293
::1 - - [16/Sep/2021:00:32:52 -0300] "GET /wp-includes/js/plupload/moxie.min.js?ver=1.3.5 HTTP/1.1" 200 87654
::1 - - [16/Sep/2021:00:32:52 -0300] "GET /wp-includes/js/plupload/plupload.min.js?ver=2.1.9 HTTP/1.1" 200 15612
::1 - - [16/Sep/2021:00:32:52 -0300] "GET /wp-includes/js/plupload/wp-plupload.min.js?ver=5.8.1 HTTP/1.1" 200 5979
::1 - - [16/Sep/2021:00:32:52 -0300] "GET /wp-includes/js/mediaelement/mediaelement-and-player.min.js?ver=4.2.16 HTTP/1.1" 200 157610
::1 - - [16/Sep/2021:00:32:52 -0300] "GET /wp-includes/js/mediaelement/mediaelement-migrate.min.js?ver=5.8.1 HTTP/1.1" 200 1193
::1 - - [16/Sep/2021:00:32:52 -0300] "GET /wp-includes/js/mediaelement/wp-mediaelement.min.js?ver=5.8.1 HTTP/1.1" 200 906
::1 - - [16/Sep/2021:00:32:52 -0300] "GET /wp-includes/js/media-views.min.js?ver=5.8.1 HTTP/1.1" 200 111267
::1 - - [16/Sep/2021:00:32:52 -0300] "GET /wp-includes/js/media-editor.min.js?ver=5.8.1 HTTP/1.1" 200 10909
::1 - - [16/Sep/2021:00:32:52 -0300] "GET /wp-admin/js/nav-menu.min.js?ver=5.8.1 HTTP/1.1" 200 25616
::1 - - [16/Sep/2021:00:32:52 -0300] "GET /wp-includes/js/media-audiovideo.min.js?ver=5.8.1 HTTP/1.1" 200 12964
::1 - - [16/Sep/2021:00:32:52 -0300] "GET /wp-includes/js/codemirror/codemirror.min.js?ver=5.29.1-alpha-ee20357 HTTP/1.1" 200 585414
::1 - - [16/Sep/2021:00:32:52 -0300] "GET /wp-admin/js/code-editor.min.js?ver=5.8.1 HTTP/1.1" 200 3084
::1 - - [16/Sep/2021:00:32:52 -0300] "GET /wp-admin/js/widgets/media-widgets.min.js?ver=5.8.1 HTTP/1.1" 200 14253
::1 - - [16/Sep/2021:00:32:52 -0300] "GET /wp-admin/js/widgets/media-audio-widget.min.js?ver=5.8.1 HTTP/1.1" 200 1447
::1 - - [16/Sep/2021:00:32:52 -0300] "GET /wp-admin/js/widgets/media-gallery-widget.min.js?ver=5.8.1 HTTP/1.1" 200 3766
::1 - - [16/Sep/2021:00:32:52 -0300] "GET /wp-admin/js/widgets/text-widgets.min.js?ver=5.8.1 HTTP/1.1" 200 5854
::1 - - [16/Sep/2021:00:32:52 -0300] "GET /wp-admin/js/widgets/media-image-widget.min.js?ver=5.8.1 HTTP/1.1" 200 2024
::1 - - [16/Sep/2021:00:32:52 -0300] "GET /wp-admin/js/widgets/media-video-widget.min.js?ver=5.8.1 HTTP/1.1" 200 2704
::1 - - [16/Sep/2021:00:32:52 -0300] "GET /wp-includes/js/codemirror/htmlhint.js?ver=0.9.14-xwp HTTP/1.1" 200 17735
::1 - - [16/Sep/2021:00:32:52 -0300] "GET /wp-includes/js/codemirror/esprima.js?ver=4.0.0 HTTP/1.1" 200 283149
::1 - - [16/Sep/2021:00:32:52 -0300] "GET /wp-includes/js/codemirror/csslint.js?ver=1.0.5 HTTP/1.1" 200 366769
::1 - - [16/Sep/2021:00:32:52 -0300] "GET /wp-includes/js/codemirror/fakejshint.js?ver=2.9.5 HTTP/1.1" 200 1002
::1 - - [16/Sep/2021:00:32:52 -0300] "GET /wp-admin/js/widgets/custom-html-widgets.min.js?ver=5.8.1 HTTP/1.1" 200 5571
::1 - - [16/Sep/2021:00:32:52 -0300] "GET /wp-includes/js/dist/vendor/react.min.js?ver=16.13.1 HTTP/1.1" 200 12463
::1 - - [16/Sep/2021:00:32:52 -0300] "GET /wp-includes/js/dist/blob.min.js?ver=4eca38a62df5f0145a5f1a78858581e7 HTTP/1.1" 200 1574
::1 - - [16/Sep/2021:00:32:52 -0300] "GET /wp-includes/js/dist/autop.min.js?ver=0e55c6c10f6d8a4bd90b2ea903436301 HTTP/1.1" 200 6247
::1 - - [16/Sep/2021:00:32:52 -0300] "GET /wp-includes/js/dist/block-serialization-default-parser.min.js?ver=2fc6dec19af6d4c5e5fec8f6fdc1a10b HTTP/1.1" 200 3015
::1 - - [16/Sep/2021:00:32:52 -0300] "GET /wp-includes/js/dist/deprecated.min.js?ver=932d8bb37da8bbb396a7a3f754345e08 HTTP/1.1" 200 1564
::1 - - [16/Sep/2021:00:32:52 -0300] "GET /wp-includes/js/dist/dom.min.js?ver=a82fdb54a6baeb86aa639117061bf119 HTTP/1.1" 200 13610
::1 - - [16/Sep/2021:00:32:52 -0300] "GET /wp-includes/js/dist/vendor/react-dom.min.js?ver=16.13.1 HTTP/1.1" 200 118656
::1 - - [16/Sep/2021:00:32:52 -0300] "GET /wp-includes/js/dist/escape-html.min.js?ver=dcba9e40e8782c7d5883426934834b3e HTTP/1.1" 200 1783
::1 - - [16/Sep/2021:00:32:52 -0300] "GET /wp-includes/js/dist/element.min.js?ver=43a121e875f299c637e1115581bee905 HTTP/1.1" 200 9240
::1 - - [16/Sep/2021:00:32:52 -0300] "GET /wp-includes/js/dist/is-shallow-equal.min.js?ver=9b8d91804cfb3ef5b14e6ef816664072 HTTP/1.1" 200 1696
::1 - - [16/Sep/2021:00:32:52 -0300] "GET /wp-includes/js/dist/keycodes.min.js?ver=0b881ee2324067c223d746a87ae4ddda HTTP/1.1" 200 3414
::1 - - [16/Sep/2021:00:32:52 -0300] "GET /wp-includes/js/dist/priority-queue.min.js?ver=b2e76fb9887a285b5eff38763f2ac2fc HTTP/1.1" 200 1636
::1 - - [16/Sep/2021:00:32:52 -0300] "GET /wp-includes/js/dist/compose.min.js?ver=35754587ca81a116927d3de1017f4fa0 HTTP/1.1" 200 32431
::1 - - [16/Sep/2021:00:32:52 -0300] "GET /wp-includes/js/dist/redux-routine.min.js?ver=fd5f93d1f8206c65d1891cf1f898211e HTTP/1.1" 200 9608
::1 - - [16/Sep/2021:00:32:52 -0300] "GET /wp-includes/js/dist/data.min.js?ver=a9e98fe3ad76884fe7909ba8348395b7 HTTP/1.1" 200 22555
::1 - - [16/Sep/2021:00:32:52 -0300] "GET /wp-includes/js/dist/html-entities.min.js?ver=26307b6ad1e445fc1a4643f634cb29c6 HTTP/1.1" 200 1416
::1 - - [16/Sep/2021:00:32:52 -0300] "GET /wp-includes/js/dist/primitives.min.js?ver=fedf57cf6da174d1eca2875b8b730af3 HTTP/1.1" 200 2896
::1 - - [16/Sep/2021:00:32:52 -0300] "GET /wp-includes/js/dist/shortcode.min.js?ver=361473450d55d9ffe30983cf22f42a8f HTTP/1.1" 200 3996
::1 - - [16/Sep/2021:00:32:52 -0300] "GET /wp-includes/js/dist/blocks.min.js?ver=7ed7fe32dad771c4e0af4f56539ff156 HTTP/1.1" 200 158047
::1 - - [16/Sep/2021:00:32:52 -0300] "GET /wp-includes/js/dist/rich-text.min.js?ver=10cd4e4656806fb1a6884c84213af69c HTTP/1.1" 200 34096
::1 - - [16/Sep/2021:00:32:52 -0300] "GET /wp-includes/js/dist/warning.min.js?ver=3e70e9d62208deeee510b84df4dec7f1 HTTP/1.1" 200 2834
::1 - - [16/Sep/2021:00:32:52 -0300] "GET /wp-includes/js/dist/components.min.js?ver=413e179f8a99bd28091ba5cc6f72c9f3 HTTP/1.1" 200 645355
::1 - - [16/Sep/2021:00:32:52 -0300] "GET /wp-includes/js/dist/keyboard-shortcuts.min.js?ver=d70c8cb490d99422cf8f2693ab7e88d0 HTTP/1.1" 200 4619
::1 - - [16/Sep/2021:00:32:52 -0300] "GET /wp-includes/js/dist/notices.min.js?ver=f5dfeda575085df54ed17c2d8a6afaa4 HTTP/1.1" 200 2636
::1 - - [16/Sep/2021:00:32:52 -0300] "GET /wp-includes/js/dist/token-list.min.js?ver=4440092061c305ccc3ebf8ce18138c8a HTTP/1.1" 200 2124
::1 - - [16/Sep/2021:00:32:52 -0300] "GET /wp-includes/js/dist/wordcount.min.js?ver=83b86052fd3fc408a609e60d52164115 HTTP/1.1" 200 3255
::1 - - [16/Sep/2021:00:32:52 -0300] "GET /wp-includes/js/dist/block-editor.min.js?ver=fc8c27c6e95e7e0d59b4e344cb9ddfed HTTP/1.1" 200 423310
::1 - - [16/Sep/2021:00:32:52 -0300] "GET /wp-includes/js/dist/api-fetch.min.js?ver=134e23b5f88ba06a093f9f92520a98df HTTP/1.1" 200 5756
::1 - - [16/Sep/2021:00:32:52 -0300] "GET /wp-includes/js/dist/data-controls.min.js?ver=cb4174d77c57f56732dc41d3bf3b2781 HTTP/1.1" 200 2241
::1 - - [16/Sep/2021:00:32:52 -0300] "GET /wp-includes/js/dist/core-data.min.js?ver=fe45a7066c931b4d3d0ff96789da023d HTTP/1.1" 200 41646
::1 - - [16/Sep/2021:00:32:52 -0300] "GET /wp-includes/js/dist/reusable-blocks.min.js?ver=f210f01a481601fc2639d3f839449c5c HTTP/1.1" 200 7075
::1 - - [16/Sep/2021:00:32:52 -0300] "GET /wp-includes/js/dist/server-side-render.min.js?ver=e68a4eae1f1e1f9a993d3bfbb601bad3 HTTP/1.1" 200 4126
::1 - - [16/Sep/2021:00:32:52 -0300] "GET /wp-includes/js/dist/viewport.min.js?ver=57f92677272305fe301d0d0616d6c8c7 HTTP/1.1" 200 3030
::1 - - [16/Sep/2021:00:32:52 -0300] "GET /wp-includes/js/dist/media-utils.min.js?ver=8e557d69e3ef2356d081c60830d157a1 HTTP/1.1" 200 8052
::1 - - [16/Sep/2021:00:32:52 -0300] "GET /wp-includes/js/dist/block-library.min.js?ver=69fc06eecf1aeb26e48b8a47ed38179b HTTP/1.1" 200 483010
::1 - - [16/Sep/2021:00:32:52 -0300] "GET /wp-includes/js/dist/widgets.min.js?ver=2602721770ff18a259ab38ff3bac67bb HTTP/1.1" 200 19070
::1 - - [16/Sep/2021:00:32:52 -0300] "GET /wp-includes/js/dist/customize-widgets.min.js?ver=779dd942fa1333da9130a6c196eb972e HTTP/1.1" 200 37150
::1 - - [16/Sep/2021:00:32:52 -0300] "GET /wp-includes/js/dist/editor.min.js?ver=208cadf8632b62c7ccdf2f2feb2398e2 HTTP/1.1" 200 142423
::1 - - [16/Sep/2021:00:32:52 -0300] "GET /wp-includes/js/dist/plugins.min.js?ver=01dbac2843febe57b20f01bdb7a432b8 HTTP/1.1" 200 5330
::1 - - [16/Sep/2021:00:32:52 -0300] "GET /wp-includes/js/dist/edit-post.min.js?ver=3656613c515e40e95a15114467097b39 HTTP/1.1" 200 205281
::1 - - [16/Sep/2021:00:32:52 -0300] "GET /wp-includes/js/dist/block-directory.min.js?ver=59e39b168393c12505197fed91dc8d01 HTTP/1.1" 200 21578
::1 - - [16/Sep/2021:00:32:52 -0300] "GET /wp-includes/js/dist/format-library.min.js?ver=c765b263eb6bc434e4b93dfc8771aaaf HTTP/1.1" 200 18437
::1 - - [16/Sep/2021:00:32:52 -0300] "GET /wp-admin/js/accordion.min.js?ver=5.8.1 HTTP/1.1" 200 849
::1 - - [16/Sep/2021:00:32:52 -0300] "GET /wp-admin/js/customize-nav-menus.min.js?ver=5.8.1 HTTP/1.1" 200 45659
::1 - - [16/Sep/2021:00:32:52 -0300] "GET /wp-includes/js/customize-models.js?ver=5.8.1 HTTP/1.1" 200 6821
::1 - - [16/Sep/2021:00:32:52 -0300] "GET /wp-includes/js/imgareaselect/jquery.imgareaselect.min.js?ver=5.8.1 HTTP/1.1" 200 9723
::1 - - [16/Sep/2021:00:32:52 -0300] "GET /wp-includes/js/customize-views.js?ver=5.8.1 HTTP/1.1" 200 5065
::1 - - [16/Sep/2021:00:32:52 -0300] "GET /wp-includes/js/mce-view.min.js?ver=5.8.1 HTTP/1.1" 200 9883
::1 - - [16/Sep/2021:00:32:52 -0300] "GET /wp-admin/js/image-edit.min.js?ver=5.8.1 HTTP/1.1" 200 11263
::1 - - [16/Sep/2021:00:32:52 -0300] "GET /wp-includes/js/jquery/ui/slider.min.js?ver=1.12.1 HTTP/1.1" 200 10712
::1 - - [16/Sep/2021:00:32:52 -0300] "GET /wp-includes/js/jquery/jquery.ui.touch-punch.js?ver=0.2.2 HTTP/1.1" 200 1179
::1 - - [16/Sep/2021:00:32:52 -0300] "GET /wp-admin/js/iris.min.js?ver=1.0.7 HTTP/1.1" 200 23643
::1 - - [16/Sep/2021:00:32:52 -0300] "GET /wp-admin/js/color-picker.min.js?ver=5.8.1 HTTP/1.1" 200 3490
::1 - - [16/Sep/2021:00:32:52 -0300] "GET /wp-includes/js/hoverIntent.min.js?ver=1.10.1 HTTP/1.1" 200 1480
::1 - - [16/Sep/2021:00:32:52 -0300] "GET /wp-content/themes/twentynineteen/js/customize-controls.js?ver=20181214 HTTP/1.1" 200 710
::1 - - [16/Sep/2021:00:32:52 -0300] "GET /wp-includes/js/tinymce/tinymce.min.js?ver=49110-20201110 HTTP/1.1" 200 365570
::1 - - [16/Sep/2021:00:32:52 -0300] "GET /wp-includes/js/tinymce/plugins/compat3x/plugin.min.js?ver=49110-20201110 HTTP/1.1" 200 4129
::1 - - [16/Sep/2021:00:32:53 -0300] "GET /wp-json/wp/v2/widget-types?context=edit&per_page=100&_locale=user HTTP/1.1" 200 5751
::1 - - [16/Sep/2021:00:32:53 -0300] "GET /wp-includes/css/customize-preview.min.css?ver=5.8.1 HTTP/1.1" 200 2870
::1 - - [16/Sep/2021:00:32:53 -0300] "GET /wp-includes/js/jquery/jquery.min.js?ver=3.6.0 HTTP/1.1" 200 89521
::1 - - [16/Sep/2021:00:32:53 -0300] "GET /wp-includes/js/jquery/jquery-migrate.min.js?ver=3.3.2 HTTP/1.1" 200 11224
::1 - - [16/Sep/2021:00:32:53 -0300] "GET /wp-content/themes/twentynineteen/style.css?ver=2.1 HTTP/1.1" 200 226100
::1 - - [16/Sep/2021:00:32:53 -0300] "GET /wp-includes/js/dist/vendor/regenerator-runtime.min.js?ver=0.13.7 HTTP/1.1" 200 6406
::1 - - [16/Sep/2021:00:32:53 -0300] "GET /wp-includes/js/dist/vendor/wp-polyfill.min.js?ver=3.15.0 HTTP/1.1" 200 16470
::1 - - [16/Sep/2021:00:32:53 -0300] "GET /wp-includes/js/dist/hooks.min.js?ver=a7edae857aab69d69fa10d5aef23a5de HTTP/1.1" 200 5440
::1 - - [16/Sep/2021:00:32:53 -0300] "POST /?customize_changeset_uuid=0df20e0b-925f-4a89-8fed-5fc9664e5bc8&customize_theme=twentynineteen&customize_messenger_channel=preview-0&customize_autosaved=on HTTP/1.1" 200 45613
::1 - - [16/Sep/2021:00:32:54 -0300] "GET /wp-content/themes/twentynineteen/print.css?ver=2.1 HTTP/1.1" 200 3949
::1 - - [16/Sep/2021:00:32:54 -0300] "GET /wp-includes/js/customize-preview.min.js?ver=5.8.1 HTTP/1.1" 200 10758
::1 - - [16/Sep/2021:00:32:54 -0300] "GET /wp-content/themes/twentynineteen/js/customize-preview.js?ver=20181214 HTTP/1.1" 200 1677
::1 - - [16/Sep/2021:00:32:54 -0300] "GET /wp-includes/js/mediaelement/renderers/vimeo.min.js?ver=4.2.16 HTTP/1.1" 200 6464
::1 - - [16/Sep/2021:00:32:54 -0300] "GET /wp-includes/js/mediaelement/wp-playlist.min.js?ver=5.8.1 HTTP/1.1" 200 3431
::1 - - [16/Sep/2021:00:32:54 -0300] "GET /wp-includes/js/customize-selective-refresh.min.js?ver=5.8.1 HTTP/1.1" 200 10693
::1 - - [16/Sep/2021:00:32:54 -0300] "GET /wp-includes/js/customize-preview-widgets.min.js?ver=5.8.1 HTTP/1.1" 200 7824
::1 - - [16/Sep/2021:00:32:54 -0300] "GET /wp-includes/js/customize-preview-nav-menus.min.js?ver=5.8.1 HTTP/1.1" 200 5038
::1 - - [16/Sep/2021:00:32:59 -0300] "GET /wp-content/themes/twentytwenty/assets/css/editor-style-block.css?ver=1.8 HTTP/1.1" 200 39174
::1 - - [16/Sep/2021:00:32:59 -0300] "GET /wp-admin/js/customize-controls.min.js?ver=5.8.1 HTTP/1.1" 200 111053
::1 - - [16/Sep/2021:00:32:59 -0300] "GET /wp-admin/load-styles.php?c=0&dir=ltr&load%5Bchunk_0%5D=dashicons,common,forms,admin-menu,dashboard,list-tables,edit,revisions,media,themes,about,nav-menus,wp-pointer,widgets,site-icon&load%5Bchunk_1%5D=,l10n,buttons,customize-controls,customize-widgets,wp-block-library,wp-components,wp-widgets,wp-block-editor,wp-nux,wp-reusable-&load%5Bchunk_2%5D=blocks,wp-editor,wp-reset-editor-styles,wp-editor-classic-layout-styles,wp-edit-blocks,wp-customize-widgets,wp-block-directory,w&load%5Bchunk_3%5D=p-format-library,customize-nav-menus,media-views,wp-color-picker,code-editor&ver=5.8.1 HTTP/1.1" 200 901211
::1 - - [16/Sep/2021:00:32:59 -0300] "GET /wp-content/themes/twentytwenty/assets/js/customize.js?ver=1.8 HTTP/1.1" 200 839
::1 - - [16/Sep/2021:00:32:59 -0300] "GET /wp-content/themes/twentytwenty/assets/js/color-calculations.js?ver=1.8 HTTP/1.1" 200 4491
::1 - - [16/Sep/2021:00:32:59 -0300] "GET /wp-content/themes/twentytwenty/assets/js/customize-controls.js?ver=1.8 HTTP/1.1" 200 3822
::1 - - [16/Sep/2021:00:32:59 -0300] "GET /wp-content/themes/twentytwenty/assets/js/editor-script-block.js?ver=1.8 HTTP/1.1" 200 178
::1 - - [16/Sep/2021:00:32:59 -0300] "GET /wp-admin/customize.php?theme=twentytwenty&return=http%3A%2F%2Flocalhost%3A10003%2Fwp-admin%2Fthemes.php%3Ftheme%3Dtwentytwenty HTTP/1.1" 200 551023
::1 - - [16/Sep/2021:00:33:00 -0300] "GET /wp-json/wp/v2/widget-types?context=edit&per_page=100&_locale=user HTTP/1.1" 200 5751
::1 - - [16/Sep/2021:00:33:01 -0300] "GET /wp-content/themes/twentytwenty/style.css?ver=1.8 HTTP/1.1" 200 121210
::1 - - [16/Sep/2021:00:33:01 -0300] "GET /wp-content/themes/twentytwenty/assets/js/index.js?ver=1.8 HTTP/1.1" 200 25738
::1 - - [16/Sep/2021:00:33:01 -0300] "GET /wp-content/themes/twentytwenty/print.css?ver=1.8 HTTP/1.1" 200 2702
::1 - - [16/Sep/2021:00:33:01 -0300] "GET /wp-content/themes/twentytwenty/assets/fonts/inter/Inter-upright-var.woff2 HTTP/1.1" 200 223892
::1 - - [16/Sep/2021:00:33:01 -0300] "GET /wp-content/themes/twentytwenty/assets/images/2020-three-quarters-1.png HTTP/1.1" 200 2333
::1 - - [16/Sep/2021:00:33:01 -0300] "GET /wp-content/themes/twentytwenty/assets/images/2020-three-quarters-3.png HTTP/1.1" 200 26106
::1 - - [16/Sep/2021:00:33:01 -0300] "GET /wp-content/uploads/2021/09/2020-landscape-1.png HTTP/1.1" 200 1211
::1 - - [16/Sep/2021:00:33:01 -0300] "GET /wp-content/themes/twentytwenty/assets/images/2020-three-quarters-2.png HTTP/1.1" 200 2708
::1 - - [16/Sep/2021:00:33:01 -0300] "GET /wp-content/themes/twentytwenty/assets/images/2020-three-quarters-4.png HTTP/1.1" 200 2185
::1 - - [16/Sep/2021:00:33:01 -0300] "GET /wp-content/themes/twentytwenty/assets/images/2020-landscape-2.png HTTP/1.1" 200 6248
::1 - - [16/Sep/2021:00:33:01 -0300] "GET /wp-content/themes/twentytwenty/assets/images/2020-square-1.png HTTP/1.1" 200 4201
::1 - - [16/Sep/2021:00:33:01 -0300] "GET /wp-content/themes/twentytwenty/assets/images/2020-square-2.png HTTP/1.1" 200 3366
::1 - - [16/Sep/2021:00:33:01 -0300] "GET /wp-content/themes/twentytwenty/assets/js/customize-preview.js?ver=1.8 HTTP/1.1" 200 5780
::1 - - [16/Sep/2021:00:33:00 -0300] "GET /?customize_changeset_uuid=63d29857-04ef-45a4-aef8-42be6dd3f899&customize_theme=twentytwenty&customize_messenger_channel=preview-0 HTTP/1.1" 200 85789
::1 - - [16/Sep/2021:00:33:11 -0300] "GET /wp-admin/about.php HTTP/1.1" 200 33283
::1 - - [16/Sep/2021:00:33:11 -0300] "GET /wp-admin/images/about-header-about.svg HTTP/1.1" 200 45266
::1 - - [16/Sep/2021:00:33:13 -0300] "GET / HTTP/1.1" 200 17953
::1 - - [16/Sep/2021:00:34:42 -0300] "-" 408 -
::1 - - [16/Sep/2021:00:36:21 -0300] "GET /wp-admin/ HTTP/1.1" 200 79585
::1 - - [16/Sep/2021:00:36:21 -0300] "GET /wp-includes/js/thickbox/loadingAnimation.gif HTTP/1.1" 200 15238
::1 - - [16/Sep/2021:00:36:21 -0300] "GET /wp-admin/admin-ajax.php?action=dashboard-widgets&widget=dashboard_primary&pagenow=dashboard HTTP/1.1" 200 1499
::1 - - [16/Sep/2021:00:36:25 -0300] "GET /wp-admin/themes.php HTTP/1.1" 200 58442
::1 - - [16/Sep/2021:00:36:53 -0300] "GET / HTTP/1.1" 200 17953
::1 - - [16/Sep/2021:00:38:23 -0300] "GET / HTTP/1.1" 200 17961
::1 - - [16/Sep/2021:00:38:23 -0300] "GET /favicon.ico HTTP/1.1" 302 -
::1 - - [16/Sep/2021:00:38:23 -0300] "GET /wp-includes/images/w-logo-blue-white-bg.png HTTP/1.1" 200 4119
::1 - - [16/Sep/2021:00:38:25 -0300] "GET / HTTP/1.1" 200 17961
::1 - - [16/Sep/2021:00:38:25 -0300] "GET /favicon.ico HTTP/1.1" 302 -
::1 - - [16/Sep/2021:00:38:25 -0300] "GET /wp-includes/images/w-logo-blue-white-bg.png HTTP/1.1" 200 4119
::1 - - [16/Sep/2021:00:38:47 -0300] "GET / HTTP/1.1" 200 17973
::1 - - [16/Sep/2021:00:38:48 -0300] "GET /favicon.ico HTTP/1.1" 302 -
::1 - - [16/Sep/2021:00:38:48 -0300] "GET /wp-includes/images/w-logo-blue-white-bg.png HTTP/1.1" 200 4119
::1 - - [16/Sep/2021:00:38:56 -0300] "GET / HTTP/1.1" 200 17953
::1 - - [16/Sep/2021:00:38:56 -0300] "GET /favicon.ico HTTP/1.1" 302 -
::1 - - [16/Sep/2021:00:38:56 -0300] "GET /wp-includes/images/w-logo-blue-white-bg.png HTTP/1.1" 200 4119
::1 - - [16/Sep/2021:00:39:44 -0300] "GET /wp-admin/profile.php HTTP/1.1" 200 51352
::1 - - [16/Sep/2021:00:39:44 -0300] "GET /wp-admin/load-scripts.php?c=0&load%5Bchunk_0%5D=jquery-core,jquery-migrate,utils,zxcvbn-async&ver=5.8.1 HTTP/1.1" 200 102964
::1 - - [16/Sep/2021:00:39:44 -0300] "GET /wp-admin/js/password-strength-meter.min.js?ver=5.8.1 HTTP/1.1" 200 1123
::1 - - [16/Sep/2021:00:39:44 -0300] "GET /wp-admin/js/user-profile.min.js?ver=5.8.1 HTTP/1.1" 200 6080
::1 - - [16/Sep/2021:00:39:44 -0300] "GET /wp-admin/js/application-passwords.min.js?ver=5.8.1 HTTP/1.1" 200 3002
::1 - - [16/Sep/2021:00:39:44 -0300] "GET /wp-includes/js/zxcvbn.min.js HTTP/1.1" 200 822237
::1 - - [16/Sep/2021:01:05:45 -0300] "GET / HTTP/1.1" 200 17953
::1 - - [16/Sep/2021:01:05:45 -0300] "GET /favicon.ico HTTP/1.1" 302 -
::1 - - [16/Sep/2021:01:05:45 -0300] "GET /wp-includes/images/w-logo-blue-white-bg.png HTTP/1.1" 200 4119
::1 - - [16/Sep/2021:01:07:26 -0300] "GET /hello-world/ HTTP/1.1" 200 22397
::1 - - [16/Sep/2021:01:07:26 -0300] "GET /wp-includes/js/comment-reply.min.js?ver=5.8.1 HTTP/1.1" 200 2984
127.0.0.1 - - [21/Sep/2021:17:33:18 -0300] "POST /wp-cron.php?doing_wp_cron=1632256398.7953929901123046875000 HTTP/1.1" 200 -
::1 - - [21/Sep/2021:17:33:18 -0300] "GET /wp-admin/ HTTP/1.1" 302 -
::1 - - [21/Sep/2021:17:33:18 -0300] "GET /wp-login.php?redirect_to=http%3A%2F%2Flocalhost%3A10003%2Fwp-admin%2F&reauth=1 HTTP/1.1" 200 7117
127.0.0.1 - - [21/Sep/2021:17:33:19 -0300] "\x16\x03\x01\x01f\x01" 400 226
::1 - - [21/Sep/2021:17:33:19 -0300] "GET /wp-includes/css/dashicons.min.css?ver=5.8.1 HTTP/1.1" 200 59016
::1 - - [21/Sep/2021:17:33:19 -0300] "GET /wp-includes/js/jquery/jquery.min.js?ver=3.6.0 HTTP/1.1" 200 89521
::1 - - [21/Sep/2021:17:33:19 -0300] "GET /wp-includes/css/buttons.min.css?ver=5.8.1 HTTP/1.1" 200 5854
::1 - - [21/Sep/2021:17:33:19 -0300] "GET /wp-admin/css/l10n.min.css?ver=5.8.1 HTTP/1.1" 200 2477
::1 - - [21/Sep/2021:17:33:19 -0300] "GET /wp-admin/css/forms.min.css?ver=5.8.1 HTTP/1.1" 200 25361
::1 - - [21/Sep/2021:17:33:19 -0300] "GET /wp-admin/css/login.min.css?ver=5.8.1 HTTP/1.1" 200 5716
::1 - - [21/Sep/2021:17:33:19 -0300] "GET /wp-includes/js/zxcvbn-async.min.js?ver=1.0 HTTP/1.1" 200 351
127.0.0.1 - - [21/Sep/2021:17:33:19 -0300] "\x16\x03\x01\x01f\x01" 400 226
::1 - - [21/Sep/2021:17:33:19 -0300] "GET /wp-admin/images/wordpress-logo.svg?ver=20131107 HTTP/1.1" 200 1521
::1 - - [21/Sep/2021:17:33:19 -0300] "GET /wp-includes/js/zxcvbn.min.js HTTP/1.1" 200 822237
::1 - - [21/Sep/2021:17:33:24 -0300] "POST /wp-login.php HTTP/1.1" 302 -
::1 - - [21/Sep/2021:17:33:25 -0300] "GET /wp-admin/ HTTP/1.1" 200 79008
::1 - - [21/Sep/2021:17:33:26 -0300] "GET /wp-includes/js/dist/vendor/lodash.min.js?ver=4.17.19 HTTP/1.1" 200 73015
::1 - - [21/Sep/2021:17:33:26 -0300] "GET /wp-includes/js/quicktags.min.js?ver=5.8.1 HTTP/1.1" 304 -
::1 - - [21/Sep/2021:17:33:26 -0300] "GET /wp-includes/js/dist/vendor/moment.min.js?ver=2.29.1 HTTP/1.1" 200 58325
::1 - - [21/Sep/2021:17:33:26 -0300] "GET /wp-includes/js/dist/date.min.js?ver=061439ac4325ef057b8f9c142c82a823 HTTP/1.1" 200 203411
::1 - - [21/Sep/2021:17:33:26 -0300] "GET /wp-admin/load-styles.php?c=0&dir=ltr&load%5Bchunk_0%5D=dashicons,admin-bar,site-health,common,forms,admin-menu,dashboard,list-tables,edit,revisions,media,themes,about,nav-menus,wp-poi&load%5Bchunk_1%5D=nter,widgets,site-icon,l10n,buttons,wp-auth-check&ver=5.8.1 HTTP/1.1" 200 386721
::1 - - [21/Sep/2021:17:33:27 -0300] "POST /wp-admin/admin-ajax.php HTTP/1.1" 200 462
::1 - - [21/Sep/2021:17:33:27 -0300] "GET /wp-admin/admin-ajax.php?action=dashboard-widgets&widget=dashboard_primary&pagenow=dashboard HTTP/1.1" 200 1327
127.0.0.1 - - [21/Sep/2021:17:33:27 -0300] "POST /wp-cron.php HTTP/1.1" 200 -
::1 - - [21/Sep/2021:17:33:31 -0300] "GET /wp-admin/themes.php HTTP/1.1" 200 59738
::1 - - [21/Sep/2021:17:33:32 -0300] "GET /wp-admin/load-styles.php?c=0&dir=ltr&load%5Bchunk_0%5D=dashicons,admin-bar,common,forms,admin-menu,dashboard,list-tables,edit,revisions,media,themes,about,nav-menus,wp-pointer,widgets&load%5Bchunk_1%5D=,site-icon,l10n,buttons,wp-auth-check&ver=5.8.1 HTTP/1.1" 200 381608
::1 - - [21/Sep/2021:17:33:32 -0300] "GET /wp-content/themes/twentytwentyone/screenshot.png HTTP/1.1" 200 282897
::1 - - [21/Sep/2021:17:33:32 -0300] "GET /wp-content/themes/twentynineteen/screenshot.png HTTP/1.1" 200 175535
::1 - - [21/Sep/2021:17:34:32 -0300] "POST /wp-admin/admin-ajax.php HTTP/1.1" 200 47
::1 - - [21/Sep/2021:17:35:32 -0300] "POST /wp-admin/admin-ajax.php HTTP/1.1" 200 47
::1 - - [21/Sep/2021:17:37:33 -0300] "POST /wp-admin/admin-ajax.php HTTP/1.1" 200 47
::1 - - [21/Sep/2021:17:39:18 -0300] "POST /wp-admin/admin-ajax.php HTTP/1.1" 200 47
::1 - - [21/Sep/2021:17:39:21 -0300] "GET /wp-admin/themes.php HTTP/1.1" 200 60681
::1 - - [21/Sep/2021:17:39:22 -0300] "GET /favicon.ico HTTP/1.1" 302 -
::1 - - [21/Sep/2021:17:39:22 -0300] "GET /wp-includes/images/w-logo-blue-white-bg.png HTTP/1.1" 200 4119
::1 - - [21/Sep/2021:17:40:22 -0300] "POST /wp-admin/admin-ajax.php HTTP/1.1" 200 47
::1 - - [21/Sep/2021:17:42:23 -0300] "POST /wp-admin/admin-ajax.php HTTP/1.1" 200 47
::1 - - [21/Sep/2021:17:44:24 -0300] "POST /wp-admin/admin-ajax.php HTTP/1.1" 200 47
::1 - - [21/Sep/2021:17:46:25 -0300] "POST /wp-admin/admin-ajax.php HTTP/1.1" 200 47
::1 - - [21/Sep/2021:17:46:47 -0300] "GET /wp-admin/themes.php HTTP/1.1" 200 60956
::1 - - [21/Sep/2021:17:46:48 -0300] "GET /wp-content/themes/rest/screenshot.png HTTP/1.1" 200 15028
::1 - - [21/Sep/2021:17:46:48 -0300] "GET /favicon.ico HTTP/1.1" 302 -
::1 - - [21/Sep/2021:17:46:49 -0300] "GET /wp-includes/images/w-logo-blue-white-bg.png HTTP/1.1" 200 4119
::1 - - [21/Sep/2021:17:47:00 -0300] "GET /wp-includes/js/plupload/moxie.min.js?ver=1.3.5 HTTP/1.1" 200 87654
::1 - - [21/Sep/2021:17:47:00 -0300] "GET /wp-includes/js/media-views.min.js?ver=5.8.1 HTTP/1.1" 200 111267
::1 - - [21/Sep/2021:17:47:00 -0300] "GET /wp-includes/js/mediaelement/mediaelement-and-player.min.js?ver=4.2.16 HTTP/1.1" 200 157610
::1 - - [21/Sep/2021:17:47:00 -0300] "GET /wp-admin/load-styles.php?c=0&dir=ltr&load%5Bchunk_0%5D=dashicons,common,forms,admin-menu,dashboard,list-tables,edit,revisions,media,themes,about,nav-menus,wp-pointer,widgets,site-icon&load%5Bchunk_1%5D=,l10n,buttons,customize-controls,customize-widgets,wp-block-library,wp-components,wp-widgets,wp-block-editor,wp-nux,wp-reusable-&load%5Bchunk_2%5D=blocks,wp-editor,wp-reset-editor-styles,wp-editor-classic-layout-styles,wp-block-library-theme,wp-edit-blocks,wp-customize-widge&load%5Bchunk_3%5D=ts,wp-block-directory,wp-format-library,customize-nav-menus,code-editor,media-views&ver=5.8.1 HTTP/1.1" 200 900586
::1 - - [21/Sep/2021:17:47:00 -0300] "GET /wp-admin/load-scripts.php?c=0&load%5Bchunk_0%5D=jquery-core,jquery-migrate,regenerator-runtime,wp-polyfill,wp-hooks,underscore,wp-dom-ready&ver=5.8.1 HTTP/1.1" 200 149401
::1 - - [21/Sep/2021:17:47:00 -0300] "GET /wp-admin/customize.php?theme=rest&return=http%3A%2F%2Flocalhost%3A10003%2Fwp-admin%2Fthemes.php HTTP/1.1" 200 501849
::1 - - [21/Sep/2021:17:47:01 -0300] "GET /wp-includes/js/codemirror/csslint.js?ver=1.0.5 HTTP/1.1" 200 366769
::1 - - [21/Sep/2021:17:47:01 -0300] "GET /wp-includes/js/codemirror/esprima.js?ver=4.0.0 HTTP/1.1" 200 283149
::1 - - [21/Sep/2021:17:47:01 -0300] "GET /wp-admin/js/editor.min.js?ver=5.8.1 HTTP/1.1" 304 -
::1 - - [21/Sep/2021:17:47:01 -0300] "GET /wp-includes/js/media-models.min.js?ver=5.8.1 HTTP/1.1" 304 -
::1 - - [21/Sep/2021:17:47:01 -0300] "GET /wp-includes/js/codemirror/codemirror.min.js?ver=5.29.1-alpha-ee20357 HTTP/1.1" 200 585414
::1 - - [21/Sep/2021:17:47:01 -0300] "GET /wp-admin/js/widgets/media-widgets.min.js?ver=5.8.1 HTTP/1.1" 304 -
::1 - - [21/Sep/2021:17:47:01 -0300] "GET /wp-admin/js/widgets/custom-html-widgets.min.js?ver=5.8.1 HTTP/1.1" 304 -
::1 - - [21/Sep/2021:17:47:01 -0300] "GET /wp-includes/js/dist/vendor/react-dom.min.js?ver=16.13.1 HTTP/1.1" 200 118656
::1 - - [21/Sep/2021:17:47:01 -0300] "GET /wp-includes/js/dist/blocks.min.js?ver=7ed7fe32dad771c4e0af4f56539ff156 HTTP/1.1" 200 158047
::1 - - [21/Sep/2021:17:47:01 -0300] "GET /wp-includes/js/dist/components.min.js?ver=413e179f8a99bd28091ba5cc6f72c9f3 HTTP/1.1" 200 645355
::1 - - [21/Sep/2021:17:47:01 -0300] "GET /wp-includes/js/dist/block-editor.min.js?ver=fc8c27c6e95e7e0d59b4e344cb9ddfed HTTP/1.1" 200 423310
::1 - - [21/Sep/2021:17:47:01 -0300] "GET /wp-includes/js/dist/block-library.min.js?ver=69fc06eecf1aeb26e48b8a47ed38179b HTTP/1.1" 200 483010
::1 - - [21/Sep/2021:17:47:01 -0300] "GET /wp-includes/js/dist/editor.min.js?ver=208cadf8632b62c7ccdf2f2feb2398e2 HTTP/1.1" 200 142423
::1 - - [21/Sep/2021:17:47:01 -0300] "GET /wp-admin/js/customize-nav-menus.min.js?ver=5.8.1 HTTP/1.1" 200 45659
::1 - - [21/Sep/2021:17:47:01 -0300] "GET /wp-includes/js/dist/edit-post.min.js?ver=3656613c515e40e95a15114467097b39 HTTP/1.1" 200 205281
::1 - - [21/Sep/2021:17:47:01 -0300] "GET /wp-includes/js/dist/core-data.min.js?ver=fe45a7066c931b4d3d0ff96789da023d HTTP/1.1" 304 -
::1 - - [21/Sep/2021:17:47:01 -0300] "GET /wp-includes/js/tinymce/tinymce.min.js?ver=49110-20201110 HTTP/1.1" 200 365570
::1 - - [21/Sep/2021:17:47:01 -0300] "GET /wp-includes/js/dist/customize-widgets.min.js?ver=779dd942fa1333da9130a6c196eb972e HTTP/1.1" 304 -
::1 - - [21/Sep/2021:17:47:02 -0300] "GET /wp-json/wp/v2/widget-types?context=edit&per_page=100&_locale=user HTTP/1.1" 200 5751
::1 - - [21/Sep/2021:17:47:02 -0300] "POST /?customize_changeset_uuid=17668c85-1bdb-41b3-8ccc-b911ec6bf4b3&customize_theme=rest&customize_messenger_channel=preview-0&customize_autosaved=on HTTP/1.1" 200 2353
::1 - - [21/Sep/2021:17:47:02 -0300] "GET /css/style.css HTTP/1.1" 404 17619
::1 - - [21/Sep/2021:17:47:02 -0300] "GET /img/rest.png HTTP/1.1" 404 17618
::1 - - [21/Sep/2021:17:48:11 -0300] "POST /wp-admin/admin-ajax.php HTTP/1.1" 200 47
::1 - - [21/Sep/2021:17:49:11 -0300] "POST /wp-admin/admin-ajax.php HTTP/1.1" 200 47
::1 - - [21/Sep/2021:17:50:03 -0300] "GET /wp-admin/themes.php HTTP/1.1" 200 60956
::1 - - [21/Sep/2021:17:50:03 -0300] "GET /wp-content/themes/rest/screenshot.png HTTP/1.1" 200 56648
::1 - - [21/Sep/2021:17:50:03 -0300] "GET /favicon.ico HTTP/1.1" 302 -
::1 - - [21/Sep/2021:17:50:03 -0300] "GET /wp-includes/images/w-logo-blue-white-bg.png HTTP/1.1" 200 4119
::1 - - [21/Sep/2021:17:51:03 -0300] "POST /wp-admin/admin-ajax.php HTTP/1.1" 200 47
::1 - - [21/Sep/2021:17:51:21 -0300] "GET /wp-admin/customize.php?theme=rest&return=http%3A%2F%2Flocalhost%3A10003%2Fwp-admin%2Fthemes.php HTTP/1.1" 200 501849
::1 - - [21/Sep/2021:17:51:23 -0300] "GET /wp-json/wp/v2/widget-types?context=edit&per_page=100&_locale=user HTTP/1.1" 200 5751
::1 - - [21/Sep/2021:17:51:23 -0300] "POST /?customize_changeset_uuid=88bfcfa7-8dc6-4a6b-86db-55f0d2b0241b&customize_theme=rest&customize_messenger_channel=preview-0&customize_autosaved=on HTTP/1.1" 200 2353
::1 - - [21/Sep/2021:17:51:23 -0300] "GET /css/style.css HTTP/1.1" 404 17619
::1 - - [21/Sep/2021:17:51:23 -0300] "GET /img/rest.png HTTP/1.1" 404 17618
::1 - - [21/Sep/2021:17:52:25 -0300] "POST /wp-admin/admin-ajax.php HTTP/1.1" 200 47
::1 - - [21/Sep/2021:17:53:28 -0300] "POST /wp-admin/admin-ajax.php HTTP/1.1" 200 47
::1 - - [21/Sep/2021:17:54:28 -0300] "POST /wp-admin/admin-ajax.php HTTP/1.1" 200 47
::1 - - [21/Sep/2021:17:56:29 -0300] "POST /wp-admin/admin-ajax.php HTTP/1.1" 200 47
::1 - - [21/Sep/2021:17:58:30 -0300] "POST /wp-admin/admin-ajax.php HTTP/1.1" 200 47
::1 - - [21/Sep/2021:18:00:31 -0300] "POST /wp-admin/admin-ajax.php HTTP/1.1" 200 47
::1 - - [21/Sep/2021:18:02:32 -0300] "POST /wp-admin/admin-ajax.php HTTP/1.1" 200 47
::1 - - [21/Sep/2021:18:05:10 -0300] "POST /wp-admin/admin-ajax.php HTTP/1.1" 200 47
::1 - - [21/Sep/2021:18:05:12 -0300] "GET /wp-admin/themes.php HTTP/1.1" 200 60956
::1 - - [21/Sep/2021:18:05:12 -0300] "GET /favicon.ico HTTP/1.1" 302 -
::1 - - [21/Sep/2021:18:05:13 -0300] "GET /wp-includes/images/w-logo-blue-white-bg.png HTTP/1.1" 200 4119
::1 - - [21/Sep/2021:18:05:14 -0300] "GET /wp-admin/customize.php?theme=rest&return=http%3A%2F%2Flocalhost%3A10003%2Fwp-admin%2Fthemes.php HTTP/1.1" 200 501849
::1 - - [21/Sep/2021:18:05:15 -0300] "GET /wp-json/wp/v2/widget-types?context=edit&per_page=100&_locale=user HTTP/1.1" 200 5751
::1 - - [21/Sep/2021:18:05:16 -0300] "POST /?customize_changeset_uuid=52c6cf52-d474-491a-92e9-d7a1998cd19f&customize_theme=rest&customize_messenger_channel=preview-0&customize_autosaved=on HTTP/1.1" 200 2395
::1 - - [21/Sep/2021:18:05:16 -0300] "GET /wp-content/themes/rest/style.css HTTP/1.1" 200 13896
::1 - - [21/Sep/2021:18:05:16 -0300] "GET /img/rest.png HTTP/1.1" 404 17618
::1 - - [21/Sep/2021:18:05:16 -0300] "GET /wp-content/themes/img/rest-bg.jpg HTTP/1.1" 404 17643
::1 - - [21/Sep/2021:18:05:20 -0300] "GET /sobre.html HTTP/1.1" 404 17614
::1 - - [21/Sep/2021:18:05:21 -0300] "GET /wp-includes/css/dist/block-library/style.min.css?ver=5.8.1 HTTP/1.1" 200 80574
::1 - - [21/Sep/2021:18:05:21 -0300] "GET /wp-content/themes/twentytwentyone/style.css?ver=1.4 HTTP/1.1" 200 156153
::1 - - [21/Sep/2021:18:05:23 -0300] "GET /img/rest.png HTTP/1.1" 404 17618
::1 - - [21/Sep/2021:18:06:15 -0300] "POST /wp-admin/admin-ajax.php HTTP/1.1" 200 47
::1 - - [21/Sep/2021:18:07:15 -0300] "POST /wp-admin/admin-ajax.php HTTP/1.1" 200 47
::1 - - [21/Sep/2021:18:07:47 -0300] "GET /wp-admin/customize.php?theme=rest&return=http%3A%2F%2Flocalhost%3A10003%2Fwp-admin%2Fthemes.php HTTP/1.1" 200 501849
::1 - - [21/Sep/2021:18:07:48 -0300] "GET /favicon.ico HTTP/1.1" 302 -
::1 - - [21/Sep/2021:18:07:48 -0300] "GET /wp-includes/images/w-logo-blue-white-bg.png HTTP/1.1" 200 4119
::1 - - [21/Sep/2021:18:07:48 -0300] "GET /wp-json/wp/v2/widget-types?context=edit&per_page=100&_locale=user HTTP/1.1" 200 5751
::1 - - [21/Sep/2021:18:07:48 -0300] "POST /?customize_changeset_uuid=844a8538-3ac3-4611-b895-8d2a51feafaf&customize_theme=rest&customize_messenger_channel=preview-0&customize_autosaved=on HTTP/1.1" 200 2437
::1 - - [21/Sep/2021:18:07:49 -0300] "GET /wp-content/themes/rest/style.css HTTP/1.1" 304 -
::1 - - [21/Sep/2021:18:07:49 -0300] "GET /wp-content/themes/rest/rest.png HTTP/1.1" 404 17641
::1 - - [21/Sep/2021:18:07:49 -0300] "GET /wp-content/themes/img/rest-bg.jpg HTTP/1.1" 404 17643
::1 - - [21/Sep/2021:18:08:00 -0300] "GET /wp-admin/customize.php?theme=rest&return=http%3A%2F%2Flocalhost%3A10003%2Fwp-admin%2Fthemes.php%3Ftheme%3Drest HTTP/1.1" 200 502141
::1 - - [21/Sep/2021:18:08:01 -0300] "GET /wp-json/wp/v2/widget-types?context=edit&per_page=100&_locale=user HTTP/1.1" 200 5751
::1 - - [21/Sep/2021:18:08:02 -0300] "POST /?customize_changeset_uuid=a7a5b559-ccf8-4196-8f74-f7ae1ae2c1b0&customize_theme=rest&customize_messenger_channel=preview-0&customize_autosaved=on HTTP/1.1" 200 2437
::1 - - [21/Sep/2021:18:08:02 -0300] "GET /wp-content/themes/rest/rest.png HTTP/1.1" 404 17641
::1 - - [21/Sep/2021:18:08:02 -0300] "GET /wp-content/themes/img/rest-bg.jpg HTTP/1.1" 404 17643
::1 - - [21/Sep/2021:18:08:47 -0300] "GET /wp-admin/customize.php?theme=rest&return=http%3A%2F%2Flocalhost%3A10003%2Fwp-admin%2Fthemes.php%3Ftheme%3Drest HTTP/1.1" 200 502141
::1 - - [21/Sep/2021:18:08:48 -0300] "GET /favicon.ico HTTP/1.1" 302 -
::1 - - [21/Sep/2021:18:08:49 -0300] "GET /wp-includes/images/w-logo-blue-white-bg.png HTTP/1.1" 200 4119
::1 - - [21/Sep/2021:18:08:48 -0300] "GET /wp-json/wp/v2/widget-types?context=edit&per_page=100&_locale=user HTTP/1.1" 200 5751
::1 - - [21/Sep/2021:18:08:48 -0300] "POST /?customize_changeset_uuid=67f70fee-9ffa-41d6-8171-57727fd20a08&customize_theme=rest&customize_messenger_channel=preview-0&customize_autosaved=on HTTP/1.1" 200 2441
::1 - - [21/Sep/2021:18:08:49 -0300] "GET /wp-content/themes/rest/img/rest.png HTTP/1.1" 200 8466
::1 - - [21/Sep/2021:18:08:49 -0300] "GET /wp-content/themes/img/rest-bg.jpg HTTP/1.1" 404 17643
::1 - - [21/Sep/2021:18:09:48 -0300] "POST /wp-admin/admin-ajax.php HTTP/1.1" 200 47
::1 - - [21/Sep/2021:18:10:09 -0300] "GET /wp-admin/customize.php?theme=rest&return=http%3A%2F%2Flocalhost%3A10003%2Fwp-admin%2Fthemes.php%3Ftheme%3Drest HTTP/1.1" 200 502141
::1 - - [21/Sep/2021:18:10:10 -0300] "GET /favicon.ico HTTP/1.1" 302 -
::1 - - [21/Sep/2021:18:10:10 -0300] "GET /wp-includes/images/w-logo-blue-white-bg.png HTTP/1.1" 200 4119
::1 - - [21/Sep/2021:18:10:10 -0300] "GET /wp-json/wp/v2/widget-types?context=edit&per_page=100&_locale=user HTTP/1.1" 200 5751
::1 - - [21/Sep/2021:18:10:10 -0300] "POST /?customize_changeset_uuid=b15f2e7b-af23-4ea4-9118-feb065b61bae&customize_theme=rest&customize_messenger_channel=preview-0&customize_autosaved=on HTTP/1.1" 200 2441
::1 - - [21/Sep/2021:18:10:11 -0300] "GET /wp-content/themes/rest/style.css HTTP/1.1" 200 13893
::1 - - [21/Sep/2021:18:10:11 -0300] "GET /wp-content/themes/rest/img/rest-bg.jpg HTTP/1.1" 200 159594
::1 - - [21/Sep/2021:18:11:10 -0300] "POST /wp-admin/admin-ajax.php HTTP/1.1" 200 47
